2012/05/08 15:46:03 [error] [exception.CHttpException.404] exception 'CHttpException' with message 'The system is unable to find the requested action "css".' in F:\workplace\yii\framework\web\CController.php:484
Stack trace:
#0 F:\workplace\yii\framework\web\CController.php(271): CController->missingAction('css')
#1 F:\workplace\yii\framework\web\CWebApplication.php(276): CController->run('css')
#2 F:\workplace\yii\framework\web\CWebApplication.php(135): CWebApplication->runController('post/css/bootst...')
#3 F:\workplace\yii\framework\base\CApplication.php(162): CWebApplication->processRequest()
#4 F:\workplace\blog\index.php(11): CApplication->run()
#5 {main}
REQUEST_URI=/blog/index.php/post/css/bootstrap.css
HTTP_REFERER=http://127.0.0.1/blog/index.php/post/index
---
2012/05/08 15:46:39 [error] [exception.CHttpException.404] exception 'CHttpException' with message 'The system is unable to find the requested action "css".' in F:\workplace\yii\framework\web\CController.php:484
Stack trace:
#0 F:\workplace\yii\framework\web\CController.php(271): CController->missingAction('css')
#1 F:\workplace\yii\framework\web\CWebApplication.php(276): CController->run('css')
#2 F:\workplace\yii\framework\web\CWebApplication.php(135): CWebApplication->runController('post/css/bootst...')
#3 F:\workplace\yii\framework\base\CApplication.php(162): CWebApplication->processRequest()
#4 F:\workplace\blog\index.php(11): CApplication->run()
#5 {main}
REQUEST_URI=/blog/index.php/post/css/bootstrap.css
HTTP_REFERER=http://127.0.0.1/blog/index.php/post/index
---
2012/05/08 15:46:40 [error] [exception.CHttpException.404] exception 'CHttpException' with message 'The system is unable to find the requested action "css".' in F:\workplace\yii\framework\web\CController.php:484
Stack trace:
#0 F:\workplace\yii\framework\web\CController.php(271): CController->missingAction('css')
#1 F:\workplace\yii\framework\web\CWebApplication.php(276): CController->run('css')
#2 F:\workplace\yii\framework\web\CWebApplication.php(135): CWebApplication->runController('post/css/bootst...')
#3 F:\workplace\yii\framework\base\CApplication.php(162): CWebApplication->processRequest()
#4 F:\workplace\blog\index.php(11): CApplication->run()
#5 {main}
REQUEST_URI=/blog/index.php/post/css/bootstrap.css
HTTP_REFERER=http://127.0.0.1/blog/index.php/post/index
---
2012/05/08 15:47:18 [error] [exception.CHttpException.404] exception 'CHttpException' with message 'The system is unable to find the requested action "css".' in F:\workplace\yii\framework\web\CController.php:484
Stack trace:
#0 F:\workplace\yii\framework\web\CController.php(271): CController->missingAction('css')
#1 F:\workplace\yii\framework\web\CWebApplication.php(276): CController->run('css')
#2 F:\workplace\yii\framework\web\CWebApplication.php(135): CWebApplication->runController('post/css/bootst...')
#3 F:\workplace\yii\framework\base\CApplication.php(162): CWebApplication->processRequest()
#4 F:\workplace\blog\index.php(11): CApplication->run()
#5 {main}
REQUEST_URI=/blog/index.php/post/css/bootstrap.css
HTTP_REFERER=http://127.0.0.1/blog/index.php/post/index
---
2012/05/08 15:47:20 [error] [exception.CHttpException.404] exception 'CHttpException' with message 'The system is unable to find the requested action "css".' in F:\workplace\yii\framework\web\CController.php:484
Stack trace:
#0 F:\workplace\yii\framework\web\CController.php(271): CController->missingAction('css')
#1 F:\workplace\yii\framework\web\CWebApplication.php(276): CController->run('css')
#2 F:\workplace\yii\framework\web\CWebApplication.php(135): CWebApplication->runController('post/css/bootst...')
#3 F:\workplace\yii\framework\base\CApplication.php(162): CWebApplication->processRequest()
#4 F:\workplace\blog\index.php(11): CApplication->run()
#5 {main}
REQUEST_URI=/blog/index.php/post/css/bootstrap.css
HTTP_REFERER=http://127.0.0.1/blog/index.php/post/index
---
